
  694  git add Assignment2
  695  git status
  696  cd ..
  697  git add Assignment2
  698  git status
  699  git add Assignment2/Assignment2.txt
  700  git add Assignment1/cs131 cmds.log
  701  git add Assignment2/cs131 cmds.log
  702  git commit -m "Commiting the Assignment2"
  703  git status
  704  git push
  705  git pull
  706  git status
  707  git push
  708  cd cs131
  709  ls -l
  710  cd Assignment2
  711  cs -l
  712  ls -l
  713  mv 'Global YouTube Statistics.csv.5'>cs131
  714  cd ..
  715  wget https://raw.githubusercontent.com/jyotikahp/DemoRepoForCS131/main/Global%20YouTube%20Statistics.csv
  716  cat ‘Global YouTube Statistics.csv’
  717  awk 'BEGIN {FS=":"} {if ($7== "/usr/sbin/nologin") print $0}' /etc/passwd
  718  awk 'BEGIN {FS=":"} {print $7}' /etc/passwd
  719  cat awkscr_if
  720  cd awk
  721  /etc/passwd
  722  clear
  723  wget https://raw.githubusercontent.com/jyotikahp/DemoRepoForCS131/main/Global%20YouTube%20Statistics.csv
  724  ls -l
  725  cd cs131
  726  cd Worksheet3
  727  mkdir Worksheet3
  728  cd Worksheet3
  729  wget https://raw.githubusercontent.com/jyotikahp/DemoRepoForCS131/main/Global%20YouTube%20Statistics.csv
  730  cat ‘Global YouTube Statistics.csv’
  731  cat "Global YouTube Statistics.csv"
  867  ws3.txt
  868  ls -l
  869  grep 'United States' "Global YouTube Statistics.csv" | sort -t ',' -k 16 -n -r | head -n 1 | cut -d ',' -f 8,16 > ws3.txt
  870  grep 'United Kingdom' "Global YouTube Statistics.csv" | sort -t ',' -k 16 -n -r | head -n 1 | cut -d ',' -f 8,16 >> ws3.txt
  871  grep 'India' "Global YouTube Statistics.csv" | sort -t ',' -k 16 -n -r | head -n 1 | cut -d ',' -f 8,16 >> ws3.txt
  872  awk -F ',' '$5 == "Sports" && $3 > max {max = $3; line = $5 "," $2 "," $3} END {print line}' "Global YouTube Statistics.csv" >> ws3.txt
  873  awk -F ',' '$5 == "Education" && $3 > max {max = $3; line = $5 "," $2 "," $3} END {print line}' "Global YouTube Statistics.csv" >> ws3.txt
  874  awk -F ',' '$5 == "Entertainment" && $3 > max {max = $3; line = $5 "," $2 "," $3} END {print line}' "Global YouTube Statistics.csv" >> ws3.txt
  875  cat ws3.txt 
  881  ls -l
  882  vi ws3.txt 
  883  history > cmds.log
