
  996  cd cs131
  997  mkdir Assignment3
  998  cd Assignment3
  999  man last
 1000  cat last
 1001  last
 1002  wget https://raw.githubusercontent.com/jyotikahp/DemoRepoForCS131/main/last.fake
 1003  wget https://raw.githubusercontent.com/jyotikahp/DemoRepoForCS131/main/passwd.fake
 1004  cat last.fake
 1005  wc -l last.fake
 1006  grep 'sp24' last.fake > lastsp24.fake
 1007  cat lastsp24.fake 
 1008  wc -l lastsp24.fake 
 1009  wc -l last.fake
 1010  sed -n '/sp24/!p' last.fake | wc -l
 1011  grep 'Sun' lastsp24.fake
 1012  awk '{print $1}' lastsp24.fake
 1013  awk '{print $1}' lastsp24.fake | sort | uniq
 1014  awk '{print $1}' lastsp24.fake | wc -l
 1015  awk '{print $1}' lastsp24.fake | sort | uniq | wc -l
 1016  grep 'Sun' lastsp24.fake | awk '{print $1}' lastsp24.fake
 1017  grep 'Sun' lastsp24.fake | awk '{print $1}'
 1018  grep 'Sun' lastsp24.fake | awk '{print $1}' | sort | uniq
 1024  awk 'BEGIN {print "The list of people who worked on Sunday are:"} /Sun/ {print $1} END {if (NR>0) print "Kudos to these people for putting in the work"}' lastsp24.fake|uniq
 1025  touch Assignment3.txt
 1026  vi Assignment3.txt 
 1027  grep 'Sun' lastsp24.fake | awk '{print $1}' | sort | uniq > last1.fake
 1028  awk 'BEGIN {print "The list of people who worked on Sunday are:"} /Sun/ {print $1} END {if (NR>0) print "Kudos to these people for putting in the work"}' last1.fake 
 1029  vi Assignment3.txt 
 1030  awk '{split($5, a, ":"); if ((a[1] >= 23) || (a[1] <= 4)) print $1}' lastsp24.fake | sort | uniq
 1031  vi Assignment3.txt 
 1047  awk '{split($5, a, ":"); if ((a[1] >= 23) || (a[1] <= 4)) print $1}' lastsp24.fake | sort | uniq | awk 'BEGIN {print "Night Owls List:"} {print} END {if (NR>0) print "Night Owls are dope. Please ensure you get enough sleep though."}'
 1048  vi Assignment3.txt 
 1049  awk '{split($5, a, ":"); if ((a[1] >= 5) && (a[1] <= 9)) print $1}' lastsp24.fake | sort | uniq | awk 'BEGIN {print "Early Birds List:"} {print} END {if (NR>0) print "Early Birds are dope. Please ensure you get enough sleep though."}'
 1050  vi Assignment3.txt 
 1051  awk '/^t/' lastsp24.fake
 1053  awk '/^t/ {print $1}' lastsp24.fake | sort | uniq
 1054  vi Assignment3.txt 
 1055  cat passwd.fake 
 1056  awk -F: '$1 ~ /^a/ && $3 % 2 == 0 {print $1}' passwd.fake
 1057  vi Assignment3.txt 
 1061  sed 's/[a-zA-Z0-9[:space:]]//g' passwd.fake | sed '/^$/d' | sort -u
 1062  vi Assignment3.txt 
 1063  ls -l
 1064  ls
 1065  history >> cmds.log
